19:49:27  DEBUG i.g.b.wdm.cache.ResolutionCache - Resolution chrome=96 in cache (valid until 20:47:45 23/11/2021 MSK)
19:49:27  DEBUG i.g.b.wdm.cache.ResolutionCache - Resolution chrome96=96.0.4664.45 in cache (valid until 23:32:04 23/11/2021 MSK)
19:49:27  INFO  i.g.bonigarcia.wdm.WebDriverManager - Using chromedriver 96.0.4664.45 (resolved driver for Chrome 96)
19:49:27  DEBUG i.g.bonigarcia.wdm.WebDriverManager - Driver chromedriver 96.0.4664.45 found in cache
19:49:27  INFO  i.g.bonigarcia.wdm.WebDriverManager - Exporting webdriver.chrome.driver as C:\Users\julia\.cache\selenium\chromedriver\win32\96.0.4664.45\chromedriver.exe
19:49:29  INFO  manger.ApplicationManager - Test starts
19:50:00  INFO  test.TestBase - Start test---testBoardCreation3
19:50:00  INFO  manger.MyListener - Start search element by locator--By.xpath: //div[@class='board-tile mod-add']
19:50:00  INFO  manger.MyListener - Element with locator--By.xpath: //div[@class='board-tile mod-add']wsa found
19:50:00  INFO  manger.MyListener - Start search element by locator--By.cssSelector: [data-test-id='create-board-title-input']
19:50:00  INFO  manger.MyListener - Element with locator--By.cssSelector: [data-test-id='create-board-title-input']wsa found
19:50:00  INFO  manger.MyListener - Start search element by locator--By.cssSelector: [data-test-id='create-board-title-input']
19:50:00  INFO  manger.MyListener - Element with locator--By.cssSelector: [data-test-id='create-board-title-input']wsa found
19:50:00  INFO  manger.MyListener - Start search element by locator--By.cssSelector: [data-test-id='create-board-title-input']
19:50:00  INFO  manger.MyListener - Element with locator--By.cssSelector: [data-test-id='create-board-title-input']wsa found
19:50:00  INFO  manger.MyListener - Start search element by locator--By.cssSelector: [data-test-id='header-create-menu-popover'
19:50:10  INFO  manger.MyListener - Something went wrong!!!!!
19:50:11  INFO  manger.MyListener - This link to screenshot with error--src/test/screenshot/screenshot--3010.png
19:50:11  INFO  test.TestBase - ^^^^^^^^^^^^^^^^^^^^^^^^^^^^^^^^^^^^^^^^^^^^^^^^^^^^^^^^^^^^^^^^^^^^^^^^^^^^^^^^^^^^^^^^^^^^^^^^^^^^^^^^^^^^^^^^^^^^^^^^^
19:50:11  INFO  manger.ApplicationManager - Tests are finished
